<?xml version="1.0" encoding="UTF-8"?>
<!-- Generated by org.testng.reporters.JUnitReportReporter -->
<testsuite hostname="DESKTOP-1FUPUEC" failures="0" tests="3" name="testng.TestNGClassSNDTUniversity" time="39.510" errors="0" timestamp="2023-02-21T12:35:23 IST" skipped="0">
  <testcase classname="testng.TestNGClassSNDTUniversity" name="verifyURLOnStudent" time="14.514"/>
  <system-out/>
  <testcase classname="testng.TestNGClassSNDTUniversity" name="verifyURLOnStudentName" time="13.452"/>
  <system-out/>
  <testcase classname="testng.TestNGClassSNDTUniversity" name="getTextStudentName" time="11.544"/>
  <system-out/>
</testsuite> <!-- testng.TestNGClassSNDTUniversity -->
