<?xml version="1.0" encoding="UTF-8"?>
<!-- Generated by org.testng.reporters.JUnitReportReporter -->
<testsuite hostname="DESKTOP-1FUPUEC" failures="1" tests="3" name="testng.TestNGFacebook" time="31.676" errors="0" timestamp="2023-02-22T10:32:43 IST" skipped="0">
  <testcase classname="testng.TestNGFacebook" name="verifyprivacyPolicy" time="13.677"/>
  <system-out/>
  <testcase classname="testng.TestNGFacebook" name="verifycookiesPolicy" time="9.644"/>
  <system-out/>
  <testcase classname="testng.TestNGFacebook" name="verifyTermsLink" time="8.355">
    <failure message="The following asserts failed:
	expected [https://www.facebook.com/legal/terms/update1234] but found [https://www.facebook.com/legal/terms/update]" type="java.lang.AssertionError">
      <![CDATA[java.lang.AssertionError: The following asserts failed:
expected [https://www.facebook.com/legal/terms/update1234] but found [https://www.facebook.com/legal/terms/update]
at org.testng.asserts.SoftAssert.assertAll(SoftAssert.java:47)
at org.testng.asserts.SoftAssert.assertAll(SoftAssert.java:31)
at testng.TestNGFacebook.verifyTermsLink(TestNGFacebook.java:110)
at java.base/jdk.internal.reflect.DirectMethodHandleAccessor.invoke(DirectMethodHandleAccessor.java:104)
at java.base/java.lang.reflect.Method.invoke(Method.java:578)
at org.testng.internal.MethodInvocationHelper.invokeMethod(MethodInvocationHelper.java:133)
at org.testng.internal.TestInvoker.invokeMethod(TestInvoker.java:598)
at org.testng.internal.TestInvoker.invokeTestMethod(TestInvoker.java:173)
at org.testng.internal.MethodRunner.runInSequence(MethodRunner.java:46)
at org.testng.internal.TestInvoker$MethodInvocationAgent.invoke(TestInvoker.java:824)
at org.testng.internal.TestInvoker.invokeTestMethods(TestInvoker.java:146)
at org.testng.internal.TestMethodWorker.invokeTestMethods(TestMethodWorker.java:146)
at org.testng.internal.TestMethodWorker.run(TestMethodWorker.java:128)
at java.base/java.util.concurrent.ThreadPoolExecutor.runWorker(ThreadPoolExecutor.java:1144)
at java.base/java.util.concurrent.ThreadPoolExecutor$Worker.run(ThreadPoolExecutor.java:642)
at java.base/java.lang.Thread.run(Thread.java:1589)
]]>
    </failure>
  </testcase> <!-- verifyTermsLink -->
  <system-out/>
</testsuite> <!-- testng.TestNGFacebook -->
