<?xml version="1.0" encoding="UTF-8"?>
<!-- Generated by org.testng.reporters.JUnitReportReporter -->
<testsuite hostname="DESKTOP-1FUPUEC" failures="0" tests="3" name="testng.ICICIBank" time="114.550" errors="0" timestamp="2023-04-12T09:39:10 IST" skipped="0">
  <testcase classname="testng.ICICIBank" name="verifyTextDigitalBanking" time="13.081"/>
  <system-out/>
  <testcase classname="testng.ICICIBank" name="verifyProduct" time="27.886"/>
  <system-out/>
  <testcase classname="testng.ICICIBank" name="verifyLoginButton" time="73.583"/>
  <system-out/>
</testsuite> <!-- testng.ICICIBank -->
