<?xml version="1.0" encoding="UTF-8"?>
<!-- Generated by org.testng.reporters.JUnitReportReporter -->
<testsuite hostname="DESKTOP-1FUPUEC" failures="0" tests="3" name="testng.TestNGFacebook" time="14.156" errors="0" timestamp="2023-02-18T11:48:32 IST" skipped="2">
  <testcase classname="testng.TestNGFacebook" name="verifyprivacyPolicy" time="14.156"/>
  <system-out/>
  <testcase classname="testng.TestNGFacebook" name="verifyTermsLink">
    <skipped/>
  </testcase> <!-- verifyTermsLink -->
  <system-out/>
  <testcase classname="testng.TestNGFacebook" name="verifycookiesPolicy">
    <skipped/>
  </testcase> <!-- verifycookiesPolicy -->
  <system-out/>
</testsuite> <!-- testng.TestNGFacebook -->
