<?xml version="1.0" encoding="UTF-8"?>
<!-- Generated by org.testng.reporters.JUnitReportReporter -->
<testsuite hostname="DESKTOP-1FUPUEC" failures="0" tests="4" name="testng.TestNG_Facebook" time="18.877" errors="0" timestamp="2023-02-03T12:47:28 IST" skipped="0">
  <testcase classname="testng.TestNG_Facebook" name="VeriyfyLoginPage" time="6.343"/>
  <testcase classname="testng.TestNG_Facebook" name="VerifyTermsLink" time="1.791"/>
  <testcase classname="testng.TestNG_Facebook" name="VeryfyPrivacyPolicyLinks" time="5.001"/>
  <testcase classname="testng.TestNG_Facebook" name="VeriyfyCookiesPolicy" time="5.742"/>
</testsuite> <!-- testng.TestNG_Facebook -->
