<?xml version="1.0" encoding="UTF-8"?>
<!-- Generated by org.testng.reporters.JUnitReportReporter -->
<testsuite hostname="DESKTOP-1FUPUEC" failures="0" tests="1" name="testng.Test_Amazon" time="9.839" errors="0" timestamp="2023-01-28T17:35:17 IST" skipped="0">
  <testcase classname="testng.Test_Amazon" name="verifySignIn" time="9.839"/>
</testsuite> <!-- testng.Test_Amazon -->
