<?xml version="1.0" encoding="UTF-8"?>
<!-- Generated by org.testng.reporters.JUnitReportReporter -->
<testsuite hostname="DESKTOP-1FUPUEC" failures="0" tests="1" name="testng.Test_RediffMail" time="10.684" errors="0" timestamp="2023-01-28T16:10:49 IST" skipped="0">
  <testcase classname="testng.Test_RediffMail" name="verifyLogin" time="10.684"/>
</testsuite> <!-- testng.Test_RediffMail -->
