<?xml version="1.0" encoding="UTF-8"?>
<!-- Generated by org.testng.reporters.JUnitReportReporter -->
<testsuite hostname="DESKTOP-1FUPUEC" failures="1" tests="3" name="testng.TestNGClassSNDTUniversity" time="39.277" errors="0" timestamp="2023-02-22T11:43:52 IST" skipped="0">
  <testcase classname="testng.TestNGClassSNDTUniversity" name="verifyURLOnStudent" time="14.075">
    <failure message="The following asserts failed:
	expected [https://sndt.ac.in/students-sndt12344] but found [https://sndt.ac.in/students-sndt]" type="java.lang.AssertionError">
      <![CDATA[java.lang.AssertionError: The following asserts failed:
expected [https://sndt.ac.in/students-sndt12344] but found [https://sndt.ac.in/students-sndt]
at org.testng.asserts.SoftAssert.assertAll(SoftAssert.java:47)
at org.testng.asserts.SoftAssert.assertAll(SoftAssert.java:31)
at testng.TestNGClassSNDTUniversity.verifyURLOnStudent(TestNGClassSNDTUniversity.java:90)
at java.base/jdk.internal.reflect.DirectMethodHandleAccessor.invoke(DirectMethodHandleAccessor.java:104)
at java.base/java.lang.reflect.Method.invoke(Method.java:578)
at org.testng.internal.MethodInvocationHelper.invokeMethod(MethodInvocationHelper.java:133)
at org.testng.internal.TestInvoker.invokeMethod(TestInvoker.java:598)
at org.testng.internal.TestInvoker.invokeTestMethod(TestInvoker.java:173)
at org.testng.internal.MethodRunner.runInSequence(MethodRunner.java:46)
at org.testng.internal.TestInvoker$MethodInvocationAgent.invoke(TestInvoker.java:824)
at org.testng.internal.TestInvoker.invokeTestMethods(TestInvoker.java:146)
at org.testng.internal.TestMethodWorker.invokeTestMethods(TestMethodWorker.java:146)
at org.testng.internal.TestMethodWorker.run(TestMethodWorker.java:128)
at java.base/java.util.concurrent.ThreadPoolExecutor.runWorker(ThreadPoolExecutor.java:1144)
at java.base/java.util.concurrent.ThreadPoolExecutor$Worker.run(ThreadPoolExecutor.java:642)
at java.base/java.lang.Thread.run(Thread.java:1589)
]]>
    </failure>
  </testcase> <!-- verifyURLOnStudent -->
  <system-out/>
  <testcase classname="testng.TestNGClassSNDTUniversity" name="verifyURLOnStudentName" time="10.965"/>
  <system-out/>
  <testcase classname="testng.TestNGClassSNDTUniversity" name="getTextStudentName" time="14.237"/>
  <system-out/>
</testsuite> <!-- testng.TestNGClassSNDTUniversity -->
