<?xml version="1.0" encoding="UTF-8"?>
<!-- Generated by org.testng.reporters.JUnitReportReporter -->
<testsuite hostname="DESKTOP-1FUPUEC" failures="0" tests="3" name="testng.TestNGClass" time="0.048" errors="0" timestamp="2023-01-31T12:41:52 IST" skipped="0">
  <testcase classname="testng.TestNGClass" name="Test" time="0.017"/>
  <testcase classname="testng.TestNGClass" name="tests" time="0.026"/>
  <testcase classname="testng.TestNGClass" name="Testss" time="0.005"/>
</testsuite> <!-- testng.TestNGClass -->
