<?xml version="1.0" encoding="UTF-8"?>
<!-- Generated by org.testng.reporters.JUnitReportReporter -->
<testsuite hostname="DESKTOP-1FUPUEC" failures="0" tests="2" name="testng.TestNgMyTripApp" time="26.074" errors="0" timestamp="2023-02-21T12:49:36 IST" skipped="0">
  <testcase classname="testng.TestNgMyTripApp" name="VerifyMyBooking" time="2.114"/>
  <system-out/>
  <testcase classname="testng.TestNgMyTripApp" name="VerifySignInPage" time="23.960"/>
  <system-out/>
</testsuite> <!-- testng.TestNgMyTripApp -->
