<?xml version="1.0" encoding="UTF-8"?>
<!-- Generated by org.testng.reporters.JUnitReportReporter -->
<testsuite hostname="DESKTOP-1FUPUEC" failures="0" tests="2" name="testng.TestNG_Ajio" time="17.888" errors="0" timestamp="2023-02-03T11:11:52 IST" skipped="0">
  <testcase classname="testng.TestNG_Ajio" name="verifyNeedHelpText" time="5.189"/>
  <testcase classname="testng.TestNG_Ajio" name="verifyURLAndTitle" time="12.699"/>
</testsuite> <!-- testng.TestNG_Ajio -->
