<?xml version="1.0" encoding="UTF-8"?>
<!-- Generated by org.testng.reporters.JUnitReportReporter -->
<testsuite hostname="DESKTOP-1FUPUEC" failures="0" tests="2" name="testng.TestNgMyTripApp" time="31.716" errors="0" timestamp="2023-03-07T11:11:07 IST" skipped="0">
  <testcase classname="testng.TestNgMyTripApp" name="VerifyMyBooking" time="5.260"/>
  <system-out/>
  <testcase classname="testng.TestNgMyTripApp" name="VerifySignInPage" time="26.456"/>
  <system-out/>
</testsuite> <!-- testng.TestNgMyTripApp -->
