<?xml version="1.0" encoding="UTF-8"?>
<!-- Generated by org.testng.reporters.JUnitReportReporter -->
<testsuite hostname="DESKTOP-1FUPUEC" failures="0" tests="3" name="testng.TestNGFacebook" time="33.576" errors="0" timestamp="2023-02-21T12:29:40 IST" skipped="0">
  <testcase classname="testng.TestNGFacebook" name="verifyprivacyPolicy" time="12.171"/>
  <system-out/>
  <testcase classname="testng.TestNGFacebook" name="verifyTermsLink" time="8.705"/>
  <system-out/>
  <testcase classname="testng.TestNGFacebook" name="verifycookiesPolicy" time="12.700"/>
  <system-out/>
</testsuite> <!-- testng.TestNGFacebook -->
