<?xml version="1.0" encoding="UTF-8"?>
<!-- Generated by org.testng.reporters.JUnitReportReporter -->
<testsuite hostname="DESKTOP-1FUPUEC" failures="0" tests="2" name="testng.TestNGAjio" time="18.611" errors="0" timestamp="2023-02-21T12:07:17 IST" skipped="0">
  <testcase classname="testng.TestNGAjio" name="verifyKidsGetText" time="12.566"/>
  <system-out/>
  <testcase classname="testng.TestNGAjio" name="verifyMenText" time="6.045"/>
  <system-out/>
</testsuite> <!-- testng.TestNGAjio -->
