<?xml version="1.0" encoding="UTF-8"?>
<!-- Generated by org.testng.reporters.JUnitReportReporter -->
<testsuite hostname="DESKTOP-1FUPUEC" failures="0" tests="3" name="testng.ICICIBank" time="5.309" errors="0" timestamp="2023-03-12T16:29:42 IST" skipped="2">
  <testcase classname="testng.ICICIBank" name="verifyTextDigitalBanking" time="5.309"/>
  <system-out/>
  <testcase classname="testng.ICICIBank" name="verifyLoginButton">
    <skipped/>
  </testcase> <!-- verifyLoginButton -->
  <system-out/>
  <testcase classname="testng.ICICIBank" name="verifyProduct">
    <skipped/>
  </testcase> <!-- verifyProduct -->
  <system-out/>
</testsuite> <!-- testng.ICICIBank -->
