<?xml version="1.0" encoding="UTF-8"?>
<!-- Generated by org.testng.reporters.JUnitReportReporter -->
<testsuite hostname="DESKTOP-1FUPUEC" failures="0" tests="2" name="testng.TestNGAjio" time="27.819" errors="0" timestamp="2023-02-18T12:00:31 IST" skipped="0">
  <testcase classname="testng.TestNGAjio" name="verifyKidsGetText" time="15.330"/>
  <system-out/>
  <testcase classname="testng.TestNGAjio" name="verifyMenText" time="12.489"/>
  <system-out/>
</testsuite> <!-- testng.TestNGAjio -->
