<?xml version="1.0" encoding="UTF-8"?>
<!-- Generated by org.testng.reporters.JUnitReportReporter -->
<testsuite hostname="DESKTOP-1FUPUEC" failures="0" tests="2" name="testng.TestNGAjio" time="412.048" errors="0" timestamp="2023-04-02T12:24:58 IST" skipped="0">
  <testcase classname="testng.TestNGAjio" name="verifyKidsGetText" time="152.122"/>
  <system-out/>
  <testcase classname="testng.TestNGAjio" name="verifyMenText" time="259.926"/>
  <system-out/>
</testsuite> <!-- testng.TestNGAjio -->
