<?xml version="1.0" encoding="UTF-8"?>
<!-- Generated by org.testng.reporters.JUnitReportReporter -->
<testsuite hostname="DESKTOP-1FUPUEC" failures="0" tests="3" name="testng.TestNG_Instagram" time="38.080" errors="0" timestamp="2023-02-18T10:50:43 IST" skipped="0">
  <testcase classname="testng.TestNG_Instagram" name="VeriyfyPrivacyPolicy" time="12.542"/>
  <system-out/>
  <testcase classname="testng.TestNG_Instagram" name="VerifyCookiesPolicy" time="12.511"/>
  <system-out/>
  <testcase classname="testng.TestNG_Instagram" name="VeriyfyTerms" time="13.027"/>
  <system-out/>
</testsuite> <!-- testng.TestNG_Instagram -->
