<?xml version="1.0" encoding="UTF-8"?>
<!-- Generated by org.testng.reporters.JUnitReportReporter -->
<testsuite hostname="DESKTOP-EAIRO25" failures="0" tests="2" name="testNGPack.Facebook" time="20.445" errors="0" timestamp="2023-06-24T10:31:44 IST" skipped="0">
  <testcase classname="testNGPack.Facebook" name="verifyLogin" time="9.719"/>
  <system-out/>
  <testcase classname="testNGPack.Facebook" name="verifySignUpPage" time="10.726"/>
  <system-out/>
</testsuite> <!-- testNGPack.Facebook -->
